

 >> R 3 t     E R T    M o d e l    v 2.31 <<

 >> Date: 26-10-2022
 >> My beautiful 3D survey                                                          
 >> A d v a n c e d   M e s h   I n p u t <<
 >> T e t r a h e d r a l   E l e m e n t   M e s h <<


 >> Parameterisation
    Total number of parameters:                  53740
    Number of elements with fixed resistivity:       0
    Number of parameter regularisation zones:        1
    Regularisation zone   1   alpha scalar:        1.0
 >> Reading resistivity model from res0.dat                                                                        

 >> L o g - D a t a   I n v e r s i o n <<
 >> N o r m a l   R e g u l a r i s a t i o n <<
    For   1000 measurements the memory needed is:          0.449 Gb
    For   2000 measurements the memory needed is:          0.879 Gb
    For   5000 measurements the memory needed is:          2.169 Gb
    For  10000 measurements the memory needed is:          4.319 Gb


 >> Number of measurements read: 2861

 >> Total Memory required is:          1.249 Gb


 Processing frame   1 - output to file f001.dat

   Iteration   1
     Initial RMS Misfit:        11.87      Number of data ignored:   177
     Alpha:       32286.340   RMS Misfit:       11.07  Roughness:        0.421
     Alpha:       14985.991   RMS Misfit:       11.03  Roughness:        0.523
     Alpha:        6955.881   RMS Misfit:       10.45  Roughness:        2.922
     Alpha:        3228.634   RMS Misfit:        9.96  Roughness:        7.280
     Alpha:        1498.599   RMS Misfit:        9.19  Roughness:       20.262
     Alpha:         695.588   RMS Misfit:        8.46  Roughness:       43.759
     Alpha:         322.863   RMS Misfit:        7.79  Roughness:       86.119
     Alpha:         149.860   RMS Misfit:        7.35  Roughness:      154.666
     Alpha:          69.559   RMS Misfit:        7.01  Roughness:      266.958
     Alpha:          32.286   RMS Misfit:        7.00  Roughness:      451.042
     Step length set to      1.000
     Final RMS Misfit:        7.00
     Data misfit:        129033.66
     Model misfit:        14562.48
     Total misfit:       143596.14
     Updated data weights

   Iteration   2
     Initial RMS Misfit:         3.98      Number of data ignored:   174
     Alpha:          21.707   RMS Misfit:        3.01  Roughness:      364.490
     Alpha:          10.076   RMS Misfit:        2.81  Roughness:      565.526
     Alpha:           4.677   RMS Misfit:        2.79  Roughness:      680.896
     Alpha:           2.171   RMS Misfit:        2.84  Roughness:     1078.427
     Step length set to      1.000
     Final RMS Misfit:        2.79
     Data misfit:         20870.95
     Model misfit:         3184.34
     Total misfit:        24055.29
     Updated data weights

   Iteration   3
     Initial RMS Misfit:         1.85      Number of data ignored:   156
     Alpha:           2.669   RMS Misfit:        1.59  Roughness:      697.653
     Alpha:           1.239   RMS Misfit:        1.54  Roughness:      989.603
     Alpha:           0.575   RMS Misfit:        1.69  Roughness:     1247.770
     Step length set to      1.000
     Final RMS Misfit:        1.54
     Data misfit:          6367.53
     Model misfit:         1226.07
     Total misfit:         7593.60
     Updated data weights

   Iteration   4
     Initial RMS Misfit:         1.28      Number of data ignored:   136
     Alpha:           0.653   RMS Misfit:        1.18  Roughness:     1063.879
     Alpha:           0.303   RMS Misfit:        1.05  Roughness:     1487.443
     Alpha:           0.141   RMS Misfit:        1.53  Roughness:     1884.493
     Step length set to      1.000
     Final RMS Misfit:        1.05
     Data misfit:          2983.37
     Model misfit:          450.97
     Total misfit:         3434.34
     Attempted to update data weights and caused overshoot
     treating as converged

 Solution converged - Outputing results to file

 Calculating sensitivity map

 End of data:  Terminating


    Timing Summary
    ==============
    Total time taken:                              2297. s

    Percent time taken forming element equations:    0.0 %
    Percent time taken solving forward  equations:   1.5 %
    Percent time taken forming Jacobian:             1.9 %
    Percent time taken solving inverse equations:   96.4 %
    Percent time taken calculating res. matrix:      0.0 %

    Timing Details
    ==============
    Number of calls to form element equations:        21
    Average time taken in call:                      0.0 s
    Number of calls to solve forward equations:     2520
    Average time taken in call:                      0.0 s
    Number of calls to form Jacobian:                  4
    Average time taken in call:                     11.0 s
    Number of calls to solve inverse equations:       20
    Average time taken in call:                    110.8 s
    Number of calls to calculate res. matrix:          0
    Average time taken in call:                      0.0 s


 >> Program ended normally

