

 >> R 3 t     E R T    M o d e l    v 2.31 <<

 >> Date: 01-07-2022
 >> Laghetti                                                                        
 >> A d v a n c e d   M e s h   I n p u t <<
 >> T e t r a h e d r a l   E l e m e n t   M e s h <<


 >> Parameterisation
    Total number of parameters:                  53740
    Number of elements with fixed resistivity:       0
    Number of parameter regularisation zones:        1
    Regularisation zone   1   alpha scalar:        1.0
 >> Reading resistivity model from res0.dat                                                                        

 >> L o g - D a t a   I n v e r s i o n <<
 >> N o r m a l   R e g u l a r i s a t i o n <<
    For   1000 measurements the memory needed is:          0.449 Gb
    For   2000 measurements the memory needed is:          0.879 Gb
    For   5000 measurements the memory needed is:          2.169 Gb
    For  10000 measurements the memory needed is:          4.319 Gb


 >> Number of measurements read: 4673

 >> Total Memory required is:          2.028 Gb


 Processing frame   1 - output to file f001.dat

   Iteration   1
     Initial RMS Misfit:         6.32      Number of data ignored:   253
     Alpha:       24013.535   RMS Misfit:        5.83  Roughness:        0.161
     Alpha:       11146.096   RMS Misfit:        5.82  Roughness:        0.201
     Alpha:        5173.559   RMS Misfit:        5.60  Roughness:        1.242
     Alpha:        2401.354   RMS Misfit:        5.39  Roughness:        3.389
     Alpha:        1114.610   RMS Misfit:        5.00  Roughness:       11.046
     Alpha:         517.356   RMS Misfit:        4.60  Roughness:       26.987
     Alpha:         240.135   RMS Misfit:        4.20  Roughness:       57.908
     Alpha:         111.461   RMS Misfit:        3.92  Roughness:      107.020
     Alpha:          51.736   RMS Misfit:        3.92  Roughness:      181.513
     Step length set to      1.000
     Final RMS Misfit:        3.92
     Data misfit:         66993.78
     Model misfit:        11928.60
     Total misfit:        78922.38
     Updated data weights

   Iteration   2
     Initial RMS Misfit:         2.51      Number of data ignored:   258
     Alpha:          72.615   RMS Misfit:        2.31  Roughness:      116.348
     Alpha:          33.705   RMS Misfit:        1.79  Roughness:      184.769
     Alpha:          15.644   RMS Misfit:        1.68  Roughness:      240.326
     Alpha:           7.261   RMS Misfit:        1.62  Roughness:      340.534
     Alpha:           3.370   RMS Misfit:        1.62  Roughness:      466.797
     Step length set to      1.000
     Final RMS Misfit:        1.62
     Data misfit:         11511.34
     Model misfit:         2472.78
     Total misfit:        13984.13
     Updated data weights

   Iteration   3
     Initial RMS Misfit:         1.07      Number of data ignored:   234
     Alpha:           3.707   RMS Misfit:        0.88  Roughness:      401.020
     Step length set to      1.000
     Final RMS Misfit:        0.88
     Data misfit:          3463.82
     Model misfit:         1486.56
     Total misfit:         4950.38
     Step length set to      0.255
     Final RMS Misfit:        1.00

 Solution converged - Outputing results to file

 Calculating sensitivity map

 End of data:  Terminating


    Timing Summary
    ==============
    Total time taken:                              2362. s

    Percent time taken forming element equations:    0.0 %
    Percent time taken solving forward  equations:   1.5 %
    Percent time taken forming Jacobian:             2.3 %
    Percent time taken solving inverse equations:   96.0 %
    Percent time taken calculating res. matrix:      0.0 %

    Timing Details
    ==============
    Number of calls to form element equations:        18
    Average time taken in call:                      0.0 s
    Number of calls to solve forward equations:     2160
    Average time taken in call:                      0.0 s
    Number of calls to form Jacobian:                  3
    Average time taken in call:                     18.5 s
    Number of calls to solve inverse equations:       15
    Average time taken in call:                    151.2 s
    Number of calls to calculate res. matrix:          0
    Average time taken in call:                      0.0 s


 >> Program ended normally

