

 >> R 3 t     E R T    M o d e l    v 2.31 <<

 >> Date: 16-05-2022
 >> Salorno_site2                                                                   
 >> A d v a n c e d   M e s h   I n p u t <<
 >> T e t r a h e d r a l   E l e m e n t   M e s h <<


 >> Parameterisation
    Total number of parameters:                  37419
    Number of elements with fixed resistivity:       0
    Number of parameter regularisation zones:        1
    Regularisation zone   1   alpha scalar:        1.0
 >> Reading resistivity model from res0.dat                                                                        

 >> L o g - D a t a   I n v e r s i o n <<
 >> N o r m a l   R e g u l a r i s a t i o n <<
    For   1000 measurements the memory needed is:          0.313 Gb
    For   2000 measurements the memory needed is:          0.612 Gb
    For   5000 measurements the memory needed is:          1.511 Gb
    For  10000 measurements the memory needed is:          3.008 Gb


 >> Number of measurements read: 5169

 >> Total Memory required is:          1.561 Gb


 Processing frame   1 - output to file f001.dat

   Iteration   1
     Initial RMS Misfit:         6.87      Number of data ignored:   414
     Alpha:     1287879.380   RMS Misfit:        6.46  Roughness:        0.001
     Alpha:      597780.655   RMS Misfit:        6.46  Roughness:        0.001
     Alpha:      277465.201   RMS Misfit:        6.44  Roughness:        0.004
     Alpha:      128787.938   RMS Misfit:        6.42  Roughness:        0.010
     Alpha:       59778.065   RMS Misfit:        6.38  Roughness:        0.034
     Alpha:       27746.520   RMS Misfit:        6.32  Roughness:        0.105
     Alpha:       12878.794   RMS Misfit:        6.21  Roughness:        0.372
     Alpha:        5977.807   RMS Misfit:        6.02  Roughness:        1.302
     Alpha:        2774.652   RMS Misfit:        5.72  Roughness:        4.315
     Alpha:        1287.879   RMS Misfit:        5.32  Roughness:       12.423
     Step length set to      1.000
     Final RMS Misfit:        5.32
     Data misfit:        133874.02
     Model misfit:        15999.93
     Total misfit:       149873.95
     Updated data weights

   Iteration   2
     Initial RMS Misfit:         3.70      Number of data ignored:   420
     Alpha:         922.950   RMS Misfit:        3.51  Roughness:       15.344
     Alpha:         428.395   RMS Misfit:        3.15  Roughness:       33.903
     Alpha:         198.843   RMS Misfit:        2.88  Roughness:       57.029
     Alpha:          92.295   RMS Misfit:        2.58  Roughness:      101.187
     Alpha:          42.840   RMS Misfit:        2.37  Roughness:      161.808
     Alpha:          19.884   RMS Misfit:        2.24  Roughness:      250.606
     Alpha:           9.229   RMS Misfit:        2.23  Roughness:      379.117
     Alpha:           4.284   RMS Misfit:        2.28  Roughness:      586.591
     Step length set to      1.000
     Final RMS Misfit:        2.23
     Data misfit:         23528.86
     Model misfit:         3499.06
     Total misfit:        27027.92
     Updated data weights

   Iteration   3
     Initial RMS Misfit:         1.93      Number of data ignored:   350
     Alpha:           5.527   RMS Misfit:        1.42  Roughness:      496.885
     Alpha:           2.565   RMS Misfit:        1.28  Roughness:      691.823
     Alpha:           1.191   RMS Misfit:        1.25  Roughness:      970.249
     Alpha:           0.553   RMS Misfit:        1.36  Roughness:     1493.422
     Step length set to      1.000
     Final RMS Misfit:        1.25
     Data misfit:          7444.63
     Model misfit:         1155.31
     Total misfit:         8599.94
     Attempted to update data weights and caused overshoot
     treating as converged

 Solution converged - Outputing results to file

 Calculating sensitivity map

 End of data:  Terminating


    Timing Summary
    ==============
    Total time taken:                              2734. s

    Percent time taken forming element equations:    0.0 %
    Percent time taken solving forward  equations:   0.7 %
    Percent time taken forming Jacobian:             1.1 %
    Percent time taken solving inverse equations:   98.2 %
    Percent time taken calculating res. matrix:      0.0 %

    Timing Details
    ==============
    Number of calls to form element equations:        23
    Average time taken in call:                      0.0 s
    Number of calls to solve forward equations:     2760
    Average time taken in call:                      0.0 s
    Number of calls to form Jacobian:                  3
    Average time taken in call:                      9.8 s
    Number of calls to solve inverse equations:       22
    Average time taken in call:                    122.0 s
    Number of calls to calculate res. matrix:          0
    Average time taken in call:                      0.0 s


 >> Program ended normally


