

 >> R 3 t     E R T    M o d e l    v 2.31 <<

 >> Date: 06-12-2021
 >> Salorno_site2                                                                   
 >> A d v a n c e d   M e s h   I n p u t <<
 >> T e t r a h e d r a l   E l e m e n t   M e s h <<


 >> Parameterisation
    Total number of parameters:                  80896
    Number of elements with fixed resistivity:       0
    Number of parameter regularisation zones:        1
    Regularisation zone   1   alpha scalar:        1.0
 >> Reading resistivity model from res0.dat                                                                        

 >> L o g - D a t a   I n v e r s i o n <<
 >> N o r m a l   R e g u l a r i s a t i o n <<
    For   1000 measurements the memory needed is:          0.674 Gb
    For   2000 measurements the memory needed is:          1.322 Gb
    For   5000 measurements the memory needed is:          3.264 Gb
    For  10000 measurements the memory needed is:          6.500 Gb


 >> Number of measurements read: 5169

 >> Total Memory required is:          3.373 Gb


 Processing frame   1 - output to file f001.dat

   Iteration   1
     Initial RMS Misfit:         6.63      Number of data ignored:   176
     Alpha:      307262.691   RMS Misfit:        6.08  Roughness:        0.002
     Alpha:      142618.708   RMS Misfit:        6.08  Roughness:        0.003
     Alpha:       66197.740   RMS Misfit:        6.05  Roughness:        0.020
     Alpha:       30726.269   RMS Misfit:        6.00  Roughness:        0.065
     Alpha:       14261.871   RMS Misfit:        5.90  Roughness:        0.295
     Alpha:        6619.774   RMS Misfit:        5.74  Roughness:        1.041
     Alpha:        3072.627   RMS Misfit:        5.46  Roughness:        3.586
