

 >> R 3 t     E R T    M o d e l    v 2.31 <<

 >> Date: 26-10-2022
 >> My beautiful 3D survey                                                          
 >> A d v a n c e d   M e s h   I n p u t <<
 >> T e t r a h e d r a l   E l e m e n t   M e s h <<


 >> Parameterisation
    Total number of parameters:                  53740
    Number of elements with fixed resistivity:       0
    Number of parameter regularisation zones:        1
    Regularisation zone   1   alpha scalar:        1.0
 >> Reading resistivity model from Start_res.dat                                                                   

 >> L o g - D a t a   I n v e r s i o n <<
 >> B a c k g r o u n d   R e g u l a r i s a t i o n <<
    For   1000 measurements the memory needed is:          0.449 Gb
    For   2000 measurements the memory needed is:          0.879 Gb
    For   5000 measurements the memory needed is:          2.169 Gb
    For  10000 measurements the memory needed is:          4.319 Gb


 >> Number of measurements read: 3383

 >> Total Memory required is:          1.474 Gb


 Processing frame   1 - output to file f001.dat

   Iteration   1
     Initial RMS Misfit:         6.39      Number of data ignored:   158
     Alpha:       17099.554   RMS Misfit:        6.35  Roughness:        0.048
     Alpha:        7936.910   RMS Misfit:        6.34  Roughness:        0.058
     Alpha:        3683.987   RMS Misfit:        6.30  Roughness:        0.270
     Alpha:        1709.955   RMS Misfit:        6.27  Roughness:        0.709
     Alpha:         793.691   RMS Misfit:        6.19  Roughness:        2.683
     Alpha:         368.399   RMS Misfit:        6.06  Roughness:        8.913
     Alpha:         170.996   RMS Misfit:        5.86  Roughness:       30.025
     Alpha:          79.369   RMS Misfit:        5.59  Roughness:       88.930
     Alpha:          36.840   RMS Misfit:        5.32  Roughness:      235.336
     Alpha:          17.100   RMS Misfit:        5.14  Roughness:      547.873
     Step length set to      1.000
     Final RMS Misfit:        5.14
     Data misfit:         85113.41
     Model misfit:         9368.38
     Total misfit:        94481.79
     Updated data weights

   Iteration   2
     Initial RMS Misfit:         3.45      Number of data ignored:   153
     Alpha:          12.187   RMS Misfit:        2.93  Roughness:      271.747
     Alpha:           5.657   RMS Misfit:        2.29  Roughness:      725.506
