

 >> R 3 t     E R T    M o d e l    v 2.31 <<

 >> Date: 17-05-2022
 >> Salorno_site2 TL12regMode2                                                      
 >> A d v a n c e d   M e s h   I n p u t <<
 >> T e t r a h e d r a l   E l e m e n t   M e s h <<


 >> Parameterisation
    Total number of parameters:                  37419
    Number of elements with fixed resistivity:       0
    Number of parameter regularisation zones:        1
    Regularisation zone   1   alpha scalar:        1.0
 >> Reading resistivity model from Start_res.dat                                                                   

 >> L o g - D a t a   I n v e r s i o n <<
 >> D i f f e r e n c e   R e g u l a r i s a t i o n <<
    For   1000 measurements the memory needed is:          0.313 Gb
    For   2000 measurements the memory needed is:          0.612 Gb
    For   5000 measurements the memory needed is:          1.511 Gb
    For  10000 measurements the memory needed is:          3.008 Gb


 >> Number of measurements read: 7604

 >> Total Memory required is:          2.291 Gb


 Processing frame   1 - output to file f001.dat

   Iteration   1
     Initial RMS Misfit:         4.07      Number of data ignored:   293
     Alpha:         471.860   RMS Misfit:        2.40  Roughness:       39.003
     Alpha:         219.018   RMS Misfit:        2.36  Roughness:       42.526
     Alpha:         101.659   RMS Misfit:        2.14  Roughness:       88.800
     Alpha:          47.186   RMS Misfit:        1.87  Roughness:      136.878
     Alpha:          21.902   RMS Misfit:        1.82  Roughness:      217.613
     Alpha:          10.166   RMS Misfit:        1.90  Roughness:      327.162
     Step length set to      1.000
     Final RMS Misfit:        1.82
     Data misfit:         24002.32
     Model misfit:         4766.11
     Total misfit:        28768.43
     Updated data weights

   Iteration   2
     Initial RMS Misfit:         1.44      Number of data ignored:   257
     Alpha:          12.558   RMS Misfit:        0.92  Roughness:      226.450
     Step length set to      1.000
     Final RMS Misfit:        0.92
     Data misfit:          6182.79
     Model misfit:         2843.72
     Total misfit:         9026.51
     Step length set to      0.645
     Final RMS Misfit:        1.00

 Solution converged - Outputing results to file

 Calculating sensitivity map

 End of data:  Terminating


    Timing Summary
    ==============
    Total time taken:                               849. s

    Percent time taken forming element equations:    0.0 %
    Percent time taken solving forward  equations:   1.3 %
    Percent time taken forming Jacobian:             3.5 %
    Percent time taken solving inverse equations:   94.8 %
    Percent time taken calculating res. matrix:      0.0 %

    Timing Details
    ==============
    Number of calls to form element equations:        10
    Average time taken in call:                      0.0 s
    Number of calls to solve forward equations:     1200
    Average time taken in call:                      0.0 s
    Number of calls to form Jacobian:                  2
    Average time taken in call:                     15.0 s
    Number of calls to solve inverse equations:        7
    Average time taken in call:                    114.9 s
    Number of calls to calculate res. matrix:          0
    Average time taken in call:                      0.0 s


 >> Program ended normally


