

 >> R 3 t     E R T    M o d e l    v 2.31 <<

 >> Date: 17-05-2022
 >> Salorno_site2                                                                   
 >> A d v a n c e d   M e s h   I n p u t <<
 >> T e t r a h e d r a l   E l e m e n t   M e s h <<


 >> Parameterisation
    Total number of parameters:                  37419
    Number of elements with fixed resistivity:       0
    Number of parameter regularisation zones:        1
    Regularisation zone   1   alpha scalar:        1.0
 >> Reading resistivity model from res0.dat                                                                        

 >> L o g - D a t a   I n v e r s i o n <<
 >> N o r m a l   R e g u l a r i s a t i o n <<
    For   1000 measurements the memory needed is:          0.313 Gb
    For   2000 measurements the memory needed is:          0.612 Gb
    For   5000 measurements the memory needed is:          1.511 Gb
    For  10000 measurements the memory needed is:          3.008 Gb


 >> Number of measurements read: 4846

 >> Total Memory required is:          1.465 Gb


 Processing frame   1 - output to file f001.dat

   Iteration   1
     Initial RMS Misfit:         6.08      Number of data ignored:   387
     Alpha:       10032.210   RMS Misfit:        5.47  Roughness:        0.700
     Alpha:        4656.539   RMS Misfit:        5.44  Roughness:        0.867
     Alpha:        2161.374   RMS Misfit:        5.08  Roughness:        4.542
     Alpha:        1003.221   RMS Misfit:        4.80  Roughness:       10.696
     Alpha:         465.654   RMS Misfit:        4.39  Roughness:       27.277
     Alpha:         216.137   RMS Misfit:        4.04  Roughness:       55.534
     Alpha:         100.322   RMS Misfit:        3.76  Roughness:      105.448
     Alpha:          46.565   RMS Misfit:        3.56  Roughness:      187.728
     Alpha:          21.614   RMS Misfit:        3.46  Roughness:      328.073
     Alpha:          10.032   RMS Misfit:        3.49  Roughness:      569.674
     Step length set to      1.000
     Final RMS Misfit:        3.46
     Data misfit:         52744.57
     Model misfit:         7090.89
     Total misfit:        59835.46
     Updated data weights

   Iteration   2
     Initial RMS Misfit:         2.25      Number of data ignored:   366
     Alpha:          13.726   RMS Misfit:        1.76  Roughness:      317.762
     Alpha:           6.371   RMS Misfit:        1.60  Roughness:      526.039
     Alpha:           2.957   RMS Misfit:        1.58  Roughness:      690.076
     Alpha:           1.373   RMS Misfit:        1.67  Roughness:     1148.128
     Step length set to      1.000
     Final RMS Misfit:        1.58
     Data misfit:         11086.78
     Model misfit:         2040.72
     Total misfit:        13127.50
     Updated data weights

   Iteration   3
     Initial RMS Misfit:         1.22      Number of data ignored:   305
     Alpha:           1.566   RMS Misfit:        0.94  Roughness:      854.660
     Step length set to      1.000
     Final RMS Misfit:        0.94
     Data misfit:          4036.41
     Model misfit:         1338.41
     Total misfit:         5374.82
     Step length set to      0.630
     Final RMS Misfit:        1.02

 Solution converged - Outputing results to file

 Calculating sensitivity map

 End of data:  Terminating


    Timing Summary
    ==============
    Total time taken:                              1801. s

    Percent time taken forming element equations:    0.0 %
    Percent time taken solving forward  equations:   1.2 %
    Percent time taken forming Jacobian:             2.0 %
    Percent time taken solving inverse equations:   96.7 %
    Percent time taken calculating res. matrix:      0.0 %

    Timing Details
    ==============
    Number of calls to form element equations:        18
    Average time taken in call:                      0.0 s
    Number of calls to solve forward equations:     2160
    Average time taken in call:                      0.0 s
    Number of calls to form Jacobian:                  3
    Average time taken in call:                     11.9 s
    Number of calls to solve inverse equations:       15
    Average time taken in call:                    116.1 s
    Number of calls to calculate res. matrix:          0
    Average time taken in call:                      0.0 s


 >> Program ended normally


