

 >> R 3 t     E R T    M o d e l    v 2.31 <<

 >> Date: 17-05-2022
 >> Salorno_site2                                                                   
 >> A d v a n c e d   M e s h   I n p u t <<
 >> T e t r a h e d r a l   E l e m e n t   M e s h <<


 >> Parameterisation
    Total number of parameters:                  37419
    Number of elements with fixed resistivity:       0
    Number of parameter regularisation zones:        1
    Regularisation zone   1   alpha scalar:        1.0
 >> Reading resistivity model from res0.dat                                                                        

 >> L o g - D a t a   I n v e r s i o n <<
 >> N o r m a l   R e g u l a r i s a t i o n <<
    For   1000 measurements the memory needed is:          0.313 Gb
    For   2000 measurements the memory needed is:          0.612 Gb
    For   5000 measurements the memory needed is:          1.511 Gb
    For  10000 measurements the memory needed is:          3.008 Gb


 >> Number of measurements read: 4837

 >> Total Memory required is:          1.462 Gb


 Processing frame   1 - output to file f001.dat

   Iteration   1
     Initial RMS Misfit:         6.13      Number of data ignored:   369
     Alpha:     1287231.872   RMS Misfit:        5.78  Roughness:        0.000
     Alpha:      597480.108   RMS Misfit:        5.78  Roughness:        0.000
     Alpha:      277325.700   RMS Misfit:        5.77  Roughness:        0.001
     Alpha:      128723.187   RMS Misfit:        5.76  Roughness:        0.004
     Alpha:       59748.011   RMS Misfit:        5.73  Roughness:        0.018
     Alpha:       27732.570   RMS Misfit:        5.69  Roughness:        0.065
     Alpha:       12872.319   RMS Misfit:        5.59  Roughness:        0.253
     Alpha:        5974.801   RMS Misfit:        5.44  Roughness:        0.909
     Alpha:        2773.257   RMS Misfit:        5.19  Roughness:        3.043
     Alpha:        1287.232   RMS Misfit:        4.84  Roughness:        8.884
     Step length set to      1.000
     Final RMS Misfit:        4.84
     Data misfit:        104213.13
     Model misfit:        11435.91
     Total misfit:       115649.04
     Updated data weights

   Iteration   2
     Initial RMS Misfit:         3.32      Number of data ignored:   363
     Alpha:         914.706   RMS Misfit:        3.15  Roughness:       10.790
     Alpha:         424.569   RMS Misfit:        2.86  Roughness:       24.063
     Alpha:         197.067   RMS Misfit:        2.64  Roughness:       40.175
     Alpha:          91.471   RMS Misfit:        2.39  Roughness:       72.841
     Alpha:          42.457   RMS Misfit:        2.20  Roughness:      120.698
     Alpha:          19.707   RMS Misfit:        2.07  Roughness:      197.604
     Alpha:           9.147   RMS Misfit:        2.02  Roughness:      313.532
     Alpha:           4.246   RMS Misfit:        2.11  Roughness:      500.563
     Step length set to      1.000
     Final RMS Misfit:        2.02
     Data misfit:         18145.18
     Model misfit:         2867.90
     Total misfit:        21013.08
     Updated data weights

   Iteration   3
     Initial RMS Misfit:         1.65      Number of data ignored:   314
     Alpha:           5.299   RMS Misfit:        1.17  Roughness:      437.429
     Alpha:           2.460   RMS Misfit:        1.07  Roughness:      617.362
     Alpha:           1.142   RMS Misfit:        1.10  Roughness:      864.961
     Step length set to      1.000
     Final RMS Misfit:        1.07
     Data misfit:          5167.48
     Model misfit:         1518.45
     Total misfit:         6685.94
     Attempted to update data weights and caused overshoot
     treating as converged

 Solution converged - Outputing results to file

 Calculating sensitivity map

 End of data:  Terminating


    Timing Summary
    ==============
    Total time taken:                              2409. s

    Percent time taken forming element equations:    0.0 %
    Percent time taken solving forward  equations:   1.0 %
    Percent time taken forming Jacobian:             1.3 %
    Percent time taken solving inverse equations:   97.6 %
    Percent time taken calculating res. matrix:      0.0 %

    Timing Details
    ==============
    Number of calls to form element equations:        22
    Average time taken in call:                      0.0 s
    Number of calls to solve forward equations:     2640
    Average time taken in call:                      0.0 s
    Number of calls to form Jacobian:                  3
    Average time taken in call:                     10.2 s
    Number of calls to solve inverse equations:       21
    Average time taken in call:                    112.0 s
    Number of calls to calculate res. matrix:          0
    Average time taken in call:                      0.0 s


 >> Program ended normally


